2024-01-17 16:26:10.573  INFO 4348 --- [restartedMain] com.team.araq.AraqApplication            : Starting AraqApplication using Java 17.0.8.1 with PID 4348 (C:\Users\admin\Desktop\araq\out\production\classes started by admin in C:\Users\admin\Desktop\araq)
2024-01-17 16:26:10.575  INFO 4348 --- [restartedMain] com.team.araq.AraqApplication            : No active profile set, falling back to 1 default profile: "default"
2024-01-17 16:26:10.758  INFO 4348 --- [restartedMain] .e.DevToolsPropertyDefaultsPostProcessor : Devtools property defaults active! Set 'spring.devtools.add-properties' to 'false' to disable
2024-01-17 16:26:10.758  INFO 4348 --- [restartedMain] .e.DevToolsPropertyDefaultsPostProcessor : For additional web related logging consider setting the 'logging.level.web' property to 'DEBUG'
2024-01-17 16:26:11.340  INFO 4348 --- [restartedMain] .s.d.r.c.RepositoryConfigurationDelegate : Bootstrapping Spring Data JPA repositories in DEFAULT mode.
2024-01-17 16:26:11.435  INFO 4348 --- [restartedMain] .s.d.r.c.RepositoryConfigurationDelegate : Finished Spring Data repository scanning in 86 ms. Found 20 JPA repository interfaces.
2024-01-17 16:26:12.282  INFO 4348 --- [restartedMain] o.s.b.w.embedded.tomcat.TomcatWebServer  : Tomcat initialized with port(s): 8080 (http)
2024-01-17 16:26:12.298  INFO 4348 --- [restartedMain] o.apache.catalina.core.StandardService   : Starting service [Tomcat]
2024-01-17 16:26:12.298  INFO 4348 --- [restartedMain] o.apache.catalina.core.StandardEngine    : Starting Servlet engine: [Apache Tomcat/10.1.16]
2024-01-17 16:26:12.415  INFO 4348 --- [restartedMain] o.a.c.c.C.[Tomcat].[localhost].[/]       : Initializing Spring embedded WebApplicationContext
2024-01-17 16:26:12.416  INFO 4348 --- [restartedMain] w.s.c.ServletWebServerApplicationContext : Root WebApplicationContext: initialization completed in 1657 ms
2024-01-17 16:26:12.738  INFO 4348 --- [restartedMain] o.hibernate.jpa.internal.util.LogHelper  : HHH000204: Processing PersistenceUnitInfo [name: default]
2024-01-17 16:26:12.808  INFO 4348 --- [restartedMain] org.hibernate.Version                    : HHH000412: Hibernate ORM core version 6.2.13.Final
2024-01-17 16:26:12.811  INFO 4348 --- [restartedMain] org.hibernate.cfg.Environment            : HHH000406: Using bytecode reflection optimizer
2024-01-17 16:26:13.093  INFO 4348 --- [restartedMain] o.s.o.j.p.SpringPersistenceUnitInfo      : No LoadTimeWeaver setup: ignoring JPA class transformer
2024-01-17 16:26:13.114  INFO 4348 --- [restartedMain] com.zaxxer.hikari.HikariDataSource       : HikariPool-1 - Starting...
2024-01-17 16:26:13.203  INFO 4348 --- [restartedMain] com.zaxxer.hikari.pool.HikariPool        : HikariPool-1 - Added connection com.mysql.cj.jdbc.ConnectionImpl@41bdd174
2024-01-17 16:26:13.204  INFO 4348 --- [restartedMain] com.zaxxer.hikari.HikariDataSource       : HikariPool-1 - Start completed.
2024-01-17 16:26:13.229  WARN 4348 --- [restartedMain] org.hibernate.dialect.Dialect            : HHH000511: The 5.5.0 version for [org.hibernate.dialect.MySQLDialect] is no longer supported, hence certain features may not work properly. The minimum supported version is 5.7.0. Check the community dialects project for available legacy versions.
2024-01-17 16:26:13.232  WARN 4348 --- [restartedMain] org.hibernate.orm.deprecation            : HHH90000025: MySQLDialect does not need to be specified explicitly using 'hibernate.dialect' (remove the property setting and it will be selected by default)
2024-01-17 16:26:14.096  INFO 4348 --- [restartedMain] o.h.e.t.j.p.i.JtaPlatformInitiator       : HHH000489: No JTA platform available (set 'hibernate.transaction.jta.platform' to enable JTA platform integration)
2024-01-17 16:26:14.307  INFO 4348 --- [restartedMain] j.LocalContainerEntityManagerFactoryBean : Initialized JPA EntityManagerFactory for persistence unit 'default'
2024-01-17 16:26:14.502  WARN 4348 --- [restartedMain] ocalVariableTableParameterNameDiscoverer : Using deprecated '-debug' fallback for parameter name resolution. Compile the affected code with '-parameters' instead or avoid its introspection: com.team.araq.announcement.AnnouncementRepository
2024-01-17 16:26:14.535  INFO 4348 --- [restartedMain] o.s.d.j.r.query.QueryEnhancerFactory     : Hibernate is in classpath; If applicable, HQL parser will be used.
2024-01-17 16:26:15.061  WARN 4348 --- [restartedMain] ocalVariableTableParameterNameDiscoverer : Using deprecated '-debug' fallback for parameter name resolution. Compile the affected code with '-parameters' instead or avoid its introspection: com.team.araq.board.post.PostRepository
2024-01-17 16:26:15.383  WARN 4348 --- [restartedMain] ocalVariableTableParameterNameDiscoverer : Using deprecated '-debug' fallback for parameter name resolution. Compile the affected code with '-parameters' instead or avoid its introspection: com.team.araq.user.UserRepository
2024-01-17 16:26:15.422  WARN 4348 --- [restartedMain] ocalVariableTableParameterNameDiscoverer : Using deprecated '-debug' fallback for parameter name resolution. Compile the affected code with '-parameters' instead or avoid its introspection: com.team.araq.user.UserService
2024-01-17 16:26:15.594  WARN 4348 --- [restartedMain] ocalVariableTableParameterNameDiscoverer : Using deprecated '-debug' fallback for parameter name resolution. Compile the affected code with '-parameters' instead or avoid its introspection: com.team.araq.chat.RoomRepo
2024-01-17 16:26:15.608  WARN 4348 --- [restartedMain] ocalVariableTableParameterNameDiscoverer : Using deprecated '-debug' fallback for parameter name resolution. Compile the affected code with '-parameters' instead or avoid its introspection: com.team.araq.chat.ChatRepo
2024-01-17 16:26:15.626  WARN 4348 --- [restartedMain] ocalVariableTableParameterNameDiscoverer : Using deprecated '-debug' fallback for parameter name resolution. Compile the affected code with '-parameters' instead or avoid its introspection: com.team.araq.chat.rate.RateRepository
2024-01-17 16:26:15.670  WARN 4348 --- [restartedMain] ocalVariableTableParameterNameDiscoverer : Using deprecated '-debug' fallback for parameter name resolution. Compile the affected code with '-parameters' instead or avoid its introspection: com.team.araq.friend.FriendRepository
2024-01-17 16:26:15.684  WARN 4348 --- [restartedMain] ocalVariableTableParameterNameDiscoverer : Using deprecated '-debug' fallback for parameter name resolution. Compile the affected code with '-parameters' instead or avoid its introspection: com.team.araq.idealType.IdealTypeRepository
2024-01-17 16:26:15.705  WARN 4348 --- [restartedMain] ocalVariableTableParameterNameDiscoverer : Using deprecated '-debug' fallback for parameter name resolution. Compile the affected code with '-parameters' instead or avoid its introspection: com.team.araq.inquiry.InquiryRepository
2024-01-17 16:26:15.841  WARN 4348 --- [restartedMain] ocalVariableTableParameterNameDiscoverer : Using deprecated '-debug' fallback for parameter name resolution. Compile the affected code with '-parameters' instead or avoid its introspection: com.team.araq.like.LikeRepository
2024-01-17 16:26:15.891  WARN 4348 --- [restartedMain] ocalVariableTableParameterNameDiscoverer : Using deprecated '-debug' fallback for parameter name resolution. Compile the affected code with '-parameters' instead or avoid its introspection: com.team.araq.pay.PaymentRepository
2024-01-17 16:26:15.908  WARN 4348 --- [restartedMain] ocalVariableTableParameterNameDiscoverer : Using deprecated '-debug' fallback for parameter name resolution. Compile the affected code with '-parameters' instead or avoid its introspection: com.team.araq.plaza.PlazaRepo
2024-01-17 16:26:15.922  WARN 4348 --- [restartedMain] ocalVariableTableParameterNameDiscoverer : Using deprecated '-debug' fallback for parameter name resolution. Compile the affected code with '-parameters' instead or avoid its introspection: com.team.araq.report.BlacklistRepository
2024-01-17 16:26:15.958  WARN 4348 --- [restartedMain] ocalVariableTableParameterNameDiscoverer : Using deprecated '-debug' fallback for parameter name resolution. Compile the affected code with '-parameters' instead or avoid its introspection: com.team.araq.taste.TasteRepository
2024-01-17 16:26:16.057  WARN 4348 --- [restartedMain] JpaBaseConfiguration$JpaWebConfiguration : spring.jpa.open-in-view is enabled by default. Therefore, database queries may be performed during view rendering. Explicitly configure spring.jpa.open-in-view to disable this warning
2024-01-17 16:26:16.183  INFO 4348 --- [restartedMain] o.s.s.web.DefaultSecurityFilterChain     : Will secure any request with [org.springframework.security.web.session.DisableEncodeUrlFilter@4c15de46, org.springframework.security.web.context.request.async.WebAsyncManagerIntegrationFilter@553092e3, org.springframework.security.web.context.SecurityContextHolderFilter@6fb0b5c8, org.springframework.security.web.header.HeaderWriterFilter@4dee7f68, org.springframework.security.web.csrf.CsrfFilter@45fe83b7, org.springframework.security.web.authentication.logout.LogoutFilter@3d15da88, org.springframework.security.oauth2.client.web.OAuth2AuthorizationRequestRedirectFilter@53a1fc5, org.springframework.security.oauth2.client.web.OAuth2LoginAuthenticationFilter@29f6194e, org.springframework.security.web.authentication.UsernamePasswordAuthenticationFilter@69e815bb, org.springframework.security.web.savedrequest.RequestCacheAwareFilter@5fb1f706, org.springframework.security.web.servletapi.SecurityContextHolderAwareRequestFilter@16dcf2ce, org.springframework.security.web.authentication.AnonymousAuthenticationFilter@33234659, org.springframework.security.web.access.ExceptionTranslationFilter@3d761ff1, org.springframework.security.web.access.intercept.AuthorizationFilter@3845deda]
2024-01-17 16:26:16.331  INFO 4348 --- [restartedMain] o.s.b.a.w.s.WelcomePageHandlerMapping    : Adding welcome page template: index
2024-01-17 16:26:16.625  INFO 4348 --- [restartedMain] o.s.b.d.a.OptionalLiveReloadServer       : LiveReload server is running on port 35729
2024-01-17 16:26:16.654  INFO 4348 --- [restartedMain] o.s.b.w.embedded.tomcat.TomcatWebServer  : Tomcat started on port(s): 8080 (http) with context path ''
2024-01-17 16:26:16.656  INFO 4348 --- [restartedMain] o.s.m.s.b.SimpleBrokerMessageHandler     : Starting...
2024-01-17 16:26:16.658  INFO 4348 --- [restartedMain] o.s.m.s.b.SimpleBrokerMessageHandler     : BrokerAvailabilityEvent[available=true, SimpleBrokerMessageHandler [org.springframework.messaging.simp.broker.DefaultSubscriptionRegistry@b3bc8aa]]
2024-01-17 16:26:16.658  INFO 4348 --- [restartedMain] o.s.m.s.b.SimpleBrokerMessageHandler     : Started.
2024-01-17 16:26:16.668  INFO 4348 --- [restartedMain] com.team.araq.AraqApplication            : Started AraqApplication in 6.414 seconds (process running for 6.817)
2024-01-17 16:26:28.490  INFO 4348 --- [http-nio-8080-exec-1] o.a.c.c.C.[Tomcat].[localhost].[/]       : Initializing Spring DispatcherServlet 'dispatcherServlet'
2024-01-17 16:26:28.491  INFO 4348 --- [http-nio-8080-exec-1] o.s.web.servlet.DispatcherServlet        : Initializing Servlet 'dispatcherServlet'
2024-01-17 16:26:28.492  INFO 4348 --- [http-nio-8080-exec-1] o.s.web.servlet.DispatcherServlet        : Completed initialization in 1 ms
2024-01-17 16:27:16.242  INFO 4348 --- [MessageBroker-5] o.s.w.s.c.WebSocketMessageBrokerStats    : WebSocketSession[1 current WS(1)-HttpStream(0)-HttpPoll(0), 3 total, 0 closed abnormally (0 connect failure, 0 send limit, 0 transport error)], stompSubProtocol[processed CONNECT(3)-CONNECTED(3)-DISCONNECT(0)], stompBrokerRelay[null], inboundChannel[pool size = 32, active threads = 0, queued tasks = 0, completed tasks = 105], outboundChannel[pool size = 5, active threads = 0, queued tasks = 0, completed tasks = 5], sockJsScheduler[pool size = 16, active threads = 1, queued tasks = 2, completed tasks = 11]
2024-01-17 16:57:16.244  INFO 4348 --- [MessageBroker-7] o.s.w.s.c.WebSocketMessageBrokerStats    : WebSocketSession[1 current WS(1)-HttpStream(0)-HttpPoll(0), 30 total, 0 closed abnormally (0 connect failure, 0 send limit, 0 transport error)], stompSubProtocol[processed CONNECT(30)-CONNECTED(30)-DISCONNECT(0)], stompBrokerRelay[null], inboundChannel[pool size = 3, active threads = 0, queued tasks = 0, completed tasks = 1110], outboundChannel[pool size = 1, active threads = 0, queued tasks = 0, completed tasks = 70], sockJsScheduler[pool size = 16, active threads = 1, queued tasks = 2, completed tasks = 389]
